2018-12-12 13:38:43.337 ERROR org.springframework.boot.logging.LoggingApplicationListener Line:365 - Cannot set level: warn,info,error for 'null'
2018-12-12 13:38:45.659 ERROR org.springframework.boot.diagnostics.LoggingFailureAnalysisReporter Line:42  - 

***************************
APPLICATION FAILED TO START
***************************

Description:

Cannot determine embedded database driver class for database type NONE

Action:

If you want an embedded database please put a supported one on the classpath. If you have database settings to be loaded from a particular profile you may need to active it (no profiles are currently active).

2018-12-12 13:41:02.922 ERROR org.springframework.boot.logging.LoggingApplicationListener Line:365 - Cannot set level: warn,info,error for 'null'
2018-12-12 13:41:05.220 ERROR org.springframework.boot.diagnostics.LoggingFailureAnalysisReporter Line:42  - 

***************************
APPLICATION FAILED TO START
***************************

Description:

Cannot determine embedded database driver class for database type NONE

Action:

If you want an embedded database please put a supported one on the classpath. If you have database settings to be loaded from a particular profile you may need to active it (no profiles are currently active).

2018-12-12 13:42:37.356 ERROR org.springframework.boot.logging.LoggingApplicationListener Line:365 - Cannot set level: warn,info,error for 'null'
2018-12-12 13:46:59.337 ERROR org.springframework.boot.logging.LoggingApplicationListener Line:365 - Cannot set level: warn,info,error for 'null'
2018-12-12 14:00:27.735 ERROR org.springframework.boot.logging.LoggingApplicationListener Line:365 - Cannot set level: warn,info,error for 'null'
